{"/home/gcadoret/Documents/Perso/testTechnique/challenge-backend-connectors/modules/helpers/index.js": {"path":"/home/gcadoret/Documents/Perso/testTechnique/challenge-backend-connectors/modules/helpers/index.js","statementMap":{"0":{"start":{"line":1,"column":22},"end":{"line":5,"column":2}},"1":{"start":{"line":1,"column":32},"end":{"line":5,"column":1}},"2":{"start":{"line":7,"column":24},"end":{"line":11,"column":2}},"3":{"start":{"line":7,"column":35},"end":{"line":11,"column":1}},"4":{"start":{"line":13,"column":17},"end":{"line":13,"column":41}},"5":{"start":{"line":13,"column":27},"end":{"line":13,"column":41}},"6":{"start":{"line":15,"column":23},"end":{"line":15,"column":85}},"7":{"start":{"line":15,"column":38},"end":{"line":15,"column":85}},"8":{"start":{"line":17,"column":0},"end":{"line":22,"column":1}}},"fnMap":{"0":{"name":"(anonymous_0)","decl":{"start":{"line":1,"column":22},"end":{"line":1,"column":23}},"loc":{"start":{"line":1,"column":32},"end":{"line":5,"column":1}},"line":1},"1":{"name":"(anonymous_1)","decl":{"start":{"line":7,"column":24},"end":{"line":7,"column":25}},"loc":{"start":{"line":7,"column":35},"end":{"line":11,"column":1}},"line":7},"2":{"name":"(anonymous_2)","decl":{"start":{"line":13,"column":17},"end":{"line":13,"column":18}},"loc":{"start":{"line":13,"column":27},"end":{"line":13,"column":41}},"line":13},"3":{"name":"(anonymous_3)","decl":{"start":{"line":15,"column":23},"end":{"line":15,"column":24}},"loc":{"start":{"line":15,"column":38},"end":{"line":15,"column":85}},"line":15}},"branchMap":{},"s":{"0":4,"1":7,"2":4,"3":1,"4":4,"5":2,"6":4,"7":8,"8":4},"f":{"0":7,"1":1,"2":2,"3":8},"b":{},"_coverageSchema":"1a1c01bbd47fc00a2c39e90264f33305004495a9","hash":"741c56db87ca04502e83efca7602c245f245d485"}
,"/home/gcadoret/Documents/Perso/testTechnique/challenge-backend-connectors/src/index.js": {"path":"/home/gcadoret/Documents/Perso/testTechnique/challenge-backend-connectors/src/index.js","statementMap":{"0":{"start":{"line":1,"column":0},"end":{"line":4,"column":1}},"1":{"start":{"line":3,"column":2},"end":{"line":3,"column":44}},"2":{"start":{"line":6,"column":16},"end":{"line":6,"column":34}},"3":{"start":{"line":7,"column":20},"end":{"line":7,"column":42}},"4":{"start":{"line":8,"column":13},"end":{"line":8,"column":28}},"5":{"start":{"line":9,"column":15},"end":{"line":9,"column":32}},"6":{"start":{"line":11,"column":15},"end":{"line":11,"column":34}},"7":{"start":{"line":13,"column":0},"end":{"line":24,"column":2}},"8":{"start":{"line":14,"column":14},"end":{"line":14,"column":23}},"9":{"start":{"line":16,"column":2},"end":{"line":16,"column":20}},"10":{"start":{"line":17,"column":2},"end":{"line":17,"column":25}},"11":{"start":{"line":18,"column":2},"end":{"line":18,"column":18}},"12":{"start":{"line":19,"column":2},"end":{"line":19,"column":26}},"13":{"start":{"line":20,"column":2},"end":{"line":20,"column":51}},"14":{"start":{"line":22,"column":2},"end":{"line":22,"column":14}},"15":{"start":{"line":23,"column":2},"end":{"line":23,"column":13}}},"fnMap":{"0":{"name":"(anonymous_0)","decl":{"start":{"line":13,"column":17},"end":{"line":13,"column":18}},"loc":{"start":{"line":13,"column":29},"end":{"line":24,"column":1}},"line":13}},"branchMap":{"0":{"loc":{"start":{"line":1,"column":0},"end":{"line":4,"column":1}},"type":"if","locations":[{"start":{"line":1,"column":0},"end":{"line":4,"column":1}},{"start":{},"end":{}}],"line":1}},"s":{"0":2,"1":0,"2":2,"3":2,"4":2,"5":2,"6":2,"7":2,"8":3,"9":3,"10":3,"11":3,"12":3,"13":3,"14":3,"15":3},"f":{"0":3},"b":{"0":[0,2]},"_coverageSchema":"1a1c01bbd47fc00a2c39e90264f33305004495a9","hash":"d81650bdb2839a67e9337fa92aba0f9eca565347"}
,"/home/gcadoret/Documents/Perso/testTechnique/challenge-backend-connectors/src/routes.js": {"path":"/home/gcadoret/Documents/Perso/testTechnique/challenge-backend-connectors/src/routes.js","statementMap":{"0":{"start":{"line":1,"column":19},"end":{"line":1,"column":37}},"1":{"start":{"line":3,"column":14},"end":{"line":3,"column":50}},"2":{"start":{"line":4,"column":17},"end":{"line":4,"column":56}},"3":{"start":{"line":5,"column":21},"end":{"line":5,"column":64}},"4":{"start":{"line":6,"column":26},"end":{"line":6,"column":55}},"5":{"start":{"line":8,"column":0},"end":{"line":28,"column":2}},"6":{"start":{"line":9,"column":17},"end":{"line":9,"column":46}},"7":{"start":{"line":11,"column":2},"end":{"line":17,"column":5}},"8":{"start":{"line":12,"column":4},"end":{"line":16,"column":7}},"9":{"start":{"line":19,"column":2},"end":{"line":19,"column":30}},"10":{"start":{"line":20,"column":2},"end":{"line":20,"column":36}},"11":{"start":{"line":21,"column":2},"end":{"line":21,"column":44}},"12":{"start":{"line":23,"column":2},"end":{"line":23,"column":23}},"13":{"start":{"line":25,"column":2},"end":{"line":27,"column":5}},"14":{"start":{"line":26,"column":4},"end":{"line":26,"column":86}}},"fnMap":{"0":{"name":"(anonymous_0)","decl":{"start":{"line":8,"column":17},"end":{"line":8,"column":18}},"loc":{"start":{"line":8,"column":26},"end":{"line":28,"column":1}},"line":8},"1":{"name":"(anonymous_1)","decl":{"start":{"line":11,"column":22},"end":{"line":11,"column":23}},"loc":{"start":{"line":11,"column":36},"end":{"line":17,"column":3}},"line":11},"2":{"name":"(anonymous_2)","decl":{"start":{"line":25,"column":18},"end":{"line":25,"column":19}},"loc":{"start":{"line":25,"column":32},"end":{"line":27,"column":3}},"line":25}},"branchMap":{},"s":{"0":2,"1":2,"2":2,"3":2,"4":2,"5":2,"6":3,"7":3,"8":1,"9":3,"10":3,"11":3,"12":3,"13":3,"14":1},"f":{"0":3,"1":1,"2":1},"b":{},"_coverageSchema":"1a1c01bbd47fc00a2c39e90264f33305004495a9","hash":"d5900d73d3300cec170fc6325a4553a68fc653de"}
,"/home/gcadoret/Documents/Perso/testTechnique/challenge-backend-connectors/src/components/accounts/routes.js": {"path":"/home/gcadoret/Documents/Perso/testTechnique/challenge-backend-connectors/src/components/accounts/routes.js","statementMap":{"0":{"start":{"line":1,"column":19},"end":{"line":1,"column":37}},"1":{"start":{"line":3,"column":21},"end":{"line":3,"column":45}},"2":{"start":{"line":5,"column":15},"end":{"line":5,"column":23}},"3":{"start":{"line":7,"column":0},"end":{"line":7,"column":26}},"4":{"start":{"line":9,"column":0},"end":{"line":9,"column":24}}},"fnMap":{},"branchMap":{},"s":{"0":2,"1":2,"2":2,"3":2,"4":2},"f":{},"b":{},"_coverageSchema":"1a1c01bbd47fc00a2c39e90264f33305004495a9","hash":"7fc174a225b013c73a9e2d0ab3a14af5fbb5703e"}
,"/home/gcadoret/Documents/Perso/testTechnique/challenge-backend-connectors/src/components/accounts/controllers/accounts.js": {"path":"/home/gcadoret/Documents/Perso/testTechnique/challenge-backend-connectors/src/components/accounts/controllers/accounts.js","statementMap":{"0":{"start":{"line":1,"column":24},"end":{"line":1,"column":46}},"1":{"start":{"line":2,"column":43},"end":{"line":2,"column":81}},"2":{"start":{"line":3,"column":33},"end":{"line":3,"column":57}},"3":{"start":{"line":5,"column":0},"end":{"line":22,"column":2}},"4":{"start":{"line":6,"column":4},"end":{"line":21,"column":5}},"5":{"start":{"line":7,"column":33},"end":{"line":7,"column":63}},"6":{"start":{"line":9,"column":6},"end":{"line":11,"column":7}},"7":{"start":{"line":10,"column":8},"end":{"line":10,"column":91}},"8":{"start":{"line":13,"column":25},"end":{"line":13,"column":33}},"9":{"start":{"line":15,"column":6},"end":{"line":15,"column":82}},"10":{"start":{"line":18,"column":6},"end":{"line":18,"column":31}},"11":{"start":{"line":20,"column":6},"end":{"line":20,"column":89}}},"fnMap":{"0":{"name":"(anonymous_0)","decl":{"start":{"line":5,"column":17},"end":{"line":5,"column":18}},"loc":{"start":{"line":5,"column":37},"end":{"line":22,"column":1}},"line":5}},"branchMap":{"0":{"loc":{"start":{"line":9,"column":6},"end":{"line":11,"column":7}},"type":"if","locations":[{"start":{"line":9,"column":6},"end":{"line":11,"column":7}},{"start":{},"end":{}}],"line":9}},"s":{"0":2,"1":2,"2":2,"3":2,"4":0,"5":0,"6":0,"7":0,"8":0,"9":0,"10":0,"11":0},"f":{"0":0},"b":{"0":[0,0]},"_coverageSchema":"1a1c01bbd47fc00a2c39e90264f33305004495a9","hash":"7bbc165ceeadaec94e425ea35b35d3bc7cf19d89"}
,"/home/gcadoret/Documents/Perso/testTechnique/challenge-backend-connectors/src/components/accounts/controllers/index.js": {"path":"/home/gcadoret/Documents/Perso/testTechnique/challenge-backend-connectors/src/components/accounts/controllers/index.js","statementMap":{"0":{"start":{"line":1,"column":17},"end":{"line":1,"column":38}},"1":{"start":{"line":3,"column":0},"end":{"line":5,"column":2}}},"fnMap":{},"branchMap":{},"s":{"0":2,"1":2},"f":{},"b":{},"_coverageSchema":"1a1c01bbd47fc00a2c39e90264f33305004495a9","hash":"9c716db9ef7955983fea6714180cc6f8ae820273"}
,"/home/gcadoret/Documents/Perso/testTechnique/challenge-backend-connectors/src/components/accounts/services/getAccounts.js": {"path":"/home/gcadoret/Documents/Perso/testTechnique/challenge-backend-connectors/src/components/accounts/services/getAccounts.js","statementMap":{"0":{"start":{"line":1,"column":21},"end":{"line":1,"column":67}},"1":{"start":{"line":3,"column":0},"end":{"line":7,"column":2}},"2":{"start":{"line":4,"column":4},"end":{"line":4,"column":35}},"3":{"start":{"line":6,"column":4},"end":{"line":6,"column":20}}},"fnMap":{"0":{"name":"(anonymous_0)","decl":{"start":{"line":3,"column":17},"end":{"line":3,"column":18}},"loc":{"start":{"line":3,"column":29},"end":{"line":7,"column":1}},"line":3}},"branchMap":{},"s":{"0":2,"1":2,"2":0,"3":0},"f":{"0":0},"b":{},"_coverageSchema":"1a1c01bbd47fc00a2c39e90264f33305004495a9","hash":"0a61097ac13688b62bcafadfe2edf38b0a52f560"}
,"/home/gcadoret/Documents/Perso/testTechnique/challenge-backend-connectors/src/components/accounts/services/index.js": {"path":"/home/gcadoret/Documents/Perso/testTechnique/challenge-backend-connectors/src/components/accounts/services/index.js","statementMap":{"0":{"start":{"line":1,"column":20},"end":{"line":1,"column":44}},"1":{"start":{"line":3,"column":0},"end":{"line":5,"column":2}}},"fnMap":{},"branchMap":{},"s":{"0":2,"1":2},"f":{},"b":{},"_coverageSchema":"1a1c01bbd47fc00a2c39e90264f33305004495a9","hash":"4fb25467527d24c5d4ecca9b1a20f5f84e295fec"}
,"/home/gcadoret/Documents/Perso/testTechnique/challenge-backend-connectors/src/components/accounts/validators/index.js": {"path":"/home/gcadoret/Documents/Perso/testTechnique/challenge-backend-connectors/src/components/accounts/validators/index.js","statementMap":{"0":{"start":{"line":1,"column":29},"end":{"line":1,"column":62}},"1":{"start":{"line":3,"column":0},"end":{"line":5,"column":2}}},"fnMap":{},"branchMap":{},"s":{"0":2,"1":2},"f":{},"b":{},"_coverageSchema":"1a1c01bbd47fc00a2c39e90264f33305004495a9","hash":"d9e692e6c4cb08e988eb652de1c949de8ee17e96"}
,"/home/gcadoret/Documents/Perso/testTechnique/challenge-backend-connectors/src/components/accounts/validators/validateAccountsBody.js": {"path":"/home/gcadoret/Documents/Perso/testTechnique/challenge-backend-connectors/src/components/accounts/validators/validateAccountsBody.js","statementMap":{"0":{"start":{"line":1,"column":27},"end":{"line":1,"column":65}},"1":{"start":{"line":3,"column":29},"end":{"line":3,"column":33}},"2":{"start":{"line":4,"column":29},"end":{"line":4,"column":34}},"3":{"start":{"line":6,"column":29},"end":{"line":9,"column":30}},"4":{"start":{"line":7,"column":4},"end":{"line":9,"column":30}},"5":{"start":{"line":11,"column":0},"end":{"line":11,"column":38}}},"fnMap":{"0":{"name":"(anonymous_0)","decl":{"start":{"line":6,"column":29},"end":{"line":6,"column":30}},"loc":{"start":{"line":7,"column":4},"end":{"line":9,"column":30}},"line":7}},"branchMap":{"0":{"loc":{"start":{"line":7,"column":4},"end":{"line":9,"column":30}},"type":"cond-expr","locations":[{"start":{"line":8,"column":10},"end":{"line":8,"column":30}},{"start":{"line":9,"column":10},"end":{"line":9,"column":30}}],"line":7}},"s":{"0":2,"1":2,"2":2,"3":2,"4":0,"5":2},"f":{"0":0},"b":{"0":[0,0]},"_coverageSchema":"1a1c01bbd47fc00a2c39e90264f33305004495a9","hash":"bc2d63ce62366bc5df526000d05eee0794e990c8"}
,"/home/gcadoret/Documents/Perso/testTechnique/challenge-backend-connectors/src/components/login/routes.js": {"path":"/home/gcadoret/Documents/Perso/testTechnique/challenge-backend-connectors/src/components/login/routes.js","statementMap":{"0":{"start":{"line":1,"column":19},"end":{"line":1,"column":37}},"1":{"start":{"line":3,"column":18},"end":{"line":3,"column":42}},"2":{"start":{"line":5,"column":15},"end":{"line":5,"column":23}},"3":{"start":{"line":7,"column":0},"end":{"line":7,"column":24}},"4":{"start":{"line":9,"column":0},"end":{"line":9,"column":24}}},"fnMap":{},"branchMap":{},"s":{"0":2,"1":2,"2":2,"3":2,"4":2},"f":{},"b":{},"_coverageSchema":"1a1c01bbd47fc00a2c39e90264f33305004495a9","hash":"7cd7ccf9dc29b88086fea665cabc4da3b124113f"}
,"/home/gcadoret/Documents/Perso/testTechnique/challenge-backend-connectors/src/components/login/controllers/index.js": {"path":"/home/gcadoret/Documents/Perso/testTechnique/challenge-backend-connectors/src/components/login/controllers/index.js","statementMap":{"0":{"start":{"line":1,"column":14},"end":{"line":1,"column":32}},"1":{"start":{"line":3,"column":0},"end":{"line":5,"column":2}}},"fnMap":{},"branchMap":{},"s":{"0":2,"1":2},"f":{},"b":{},"_coverageSchema":"1a1c01bbd47fc00a2c39e90264f33305004495a9","hash":"5a7f55f4f2d2059d7ca2c16941140cab2080ae32"}
,"/home/gcadoret/Documents/Perso/testTechnique/challenge-backend-connectors/src/components/login/controllers/login.js": {"path":"/home/gcadoret/Documents/Perso/testTechnique/challenge-backend-connectors/src/components/login/controllers/login.js","statementMap":{"0":{"start":{"line":1,"column":18},"end":{"line":1,"column":40}},"1":{"start":{"line":2,"column":53},"end":{"line":2,"column":91}},"2":{"start":{"line":3,"column":30},"end":{"line":3,"column":54}},"3":{"start":{"line":5,"column":0},"end":{"line":30,"column":2}},"4":{"start":{"line":6,"column":4},"end":{"line":29,"column":5}},"5":{"start":{"line":7,"column":33},"end":{"line":7,"column":60}},"6":{"start":{"line":9,"column":6},"end":{"line":11,"column":7}},"7":{"start":{"line":10,"column":8},"end":{"line":10,"column":91}},"8":{"start":{"line":13,"column":33},"end":{"line":13,"column":41}},"9":{"start":{"line":15,"column":28},"end":{"line":15,"column":49}},"10":{"start":{"line":17,"column":6},"end":{"line":21,"column":7}},"11":{"start":{"line":20,"column":8},"end":{"line":20,"column":71}},"12":{"start":{"line":23,"column":6},"end":{"line":23,"column":92}},"13":{"start":{"line":26,"column":6},"end":{"line":26,"column":31}},"14":{"start":{"line":28,"column":6},"end":{"line":28,"column":89}}},"fnMap":{"0":{"name":"(anonymous_0)","decl":{"start":{"line":5,"column":17},"end":{"line":5,"column":18}},"loc":{"start":{"line":5,"column":37},"end":{"line":30,"column":1}},"line":5}},"branchMap":{"0":{"loc":{"start":{"line":9,"column":6},"end":{"line":11,"column":7}},"type":"if","locations":[{"start":{"line":9,"column":6},"end":{"line":11,"column":7}},{"start":{},"end":{}}],"line":9},"1":{"loc":{"start":{"line":17,"column":6},"end":{"line":21,"column":7}},"type":"if","locations":[{"start":{"line":17,"column":6},"end":{"line":21,"column":7}},{"start":{},"end":{}}],"line":17}},"s":{"0":2,"1":2,"2":2,"3":2,"4":5,"5":5,"6":5,"7":3,"8":2,"9":2,"10":2,"11":2,"12":0,"13":0,"14":0},"f":{"0":5},"b":{"0":[3,2],"1":[2,0]},"_coverageSchema":"1a1c01bbd47fc00a2c39e90264f33305004495a9","hash":"67246b26699ca6c8988d6b9a6cbf1d3bc8b07020"}
,"/home/gcadoret/Documents/Perso/testTechnique/challenge-backend-connectors/src/components/login/services/index.js": {"path":"/home/gcadoret/Documents/Perso/testTechnique/challenge-backend-connectors/src/components/login/services/index.js","statementMap":{"0":{"start":{"line":1,"column":14},"end":{"line":1,"column":32}},"1":{"start":{"line":3,"column":0},"end":{"line":5,"column":2}}},"fnMap":{},"branchMap":{},"s":{"0":3,"1":3},"f":{},"b":{},"_coverageSchema":"1a1c01bbd47fc00a2c39e90264f33305004495a9","hash":"6d5270ea0a0de8797b2fc4a2fd9a4e5ec08ad5c5"}
,"/home/gcadoret/Documents/Perso/testTechnique/challenge-backend-connectors/src/components/login/services/login.js": {"path":"/home/gcadoret/Documents/Perso/testTechnique/challenge-backend-connectors/src/components/login/services/login.js","statementMap":{"0":{"start":{"line":1,"column":43},"end":{"line":1,"column":81}},"1":{"start":{"line":3,"column":20},"end":{"line":3,"column":78}},"2":{"start":{"line":3,"column":35},"end":{"line":3,"column":78}},"3":{"start":{"line":5,"column":0},"end":{"line":8,"column":52}},"4":{"start":{"line":6,"column":4},"end":{"line":8,"column":52}}},"fnMap":{"0":{"name":"(anonymous_0)","decl":{"start":{"line":3,"column":20},"end":{"line":3,"column":21}},"loc":{"start":{"line":3,"column":35},"end":{"line":3,"column":78}},"line":3},"1":{"name":"(anonymous_1)","decl":{"start":{"line":5,"column":17},"end":{"line":5,"column":18}},"loc":{"start":{"line":6,"column":4},"end":{"line":8,"column":52}},"line":6}},"branchMap":{"0":{"loc":{"start":{"line":3,"column":35},"end":{"line":3,"column":78}},"type":"binary-expr","locations":[{"start":{"line":3,"column":35},"end":{"line":3,"column":56}},{"start":{"line":3,"column":60},"end":{"line":3,"column":78}}],"line":3},"1":{"loc":{"start":{"line":6,"column":4},"end":{"line":8,"column":52}},"type":"cond-expr","locations":[{"start":{"line":7,"column":10},"end":{"line":7,"column":57}},{"start":{"line":8,"column":10},"end":{"line":8,"column":52}}],"line":6}},"s":{"0":3,"1":3,"2":2,"3":3,"4":2},"f":{"0":2,"1":2},"b":{"0":[2,1],"1":[1,1]},"_coverageSchema":"1a1c01bbd47fc00a2c39e90264f33305004495a9","hash":"191149db8582b0d581301249a37bd60e837d6bb4"}
,"/home/gcadoret/Documents/Perso/testTechnique/challenge-backend-connectors/src/components/login/validators/index.js": {"path":"/home/gcadoret/Documents/Perso/testTechnique/challenge-backend-connectors/src/components/login/validators/index.js","statementMap":{"0":{"start":{"line":1,"column":26},"end":{"line":1,"column":56}},"1":{"start":{"line":3,"column":0},"end":{"line":5,"column":2}}},"fnMap":{},"branchMap":{},"s":{"0":2,"1":2},"f":{},"b":{},"_coverageSchema":"1a1c01bbd47fc00a2c39e90264f33305004495a9","hash":"36d2a80585b451265f9d3b66304b11e4202bee9b"}
,"/home/gcadoret/Documents/Perso/testTechnique/challenge-backend-connectors/src/components/login/validators/validateLoginBody.js": {"path":"/home/gcadoret/Documents/Perso/testTechnique/challenge-backend-connectors/src/components/login/validators/validateLoginBody.js","statementMap":{"0":{"start":{"line":1,"column":27},"end":{"line":1,"column":65}},"1":{"start":{"line":3,"column":29},"end":{"line":3,"column":33}},"2":{"start":{"line":4,"column":29},"end":{"line":4,"column":34}},"3":{"start":{"line":6,"column":26},"end":{"line":9,"column":30}},"4":{"start":{"line":7,"column":4},"end":{"line":9,"column":30}},"5":{"start":{"line":11,"column":0},"end":{"line":11,"column":35}}},"fnMap":{"0":{"name":"(anonymous_0)","decl":{"start":{"line":6,"column":26},"end":{"line":6,"column":27}},"loc":{"start":{"line":7,"column":4},"end":{"line":9,"column":30}},"line":7}},"branchMap":{"0":{"loc":{"start":{"line":7,"column":4},"end":{"line":9,"column":30}},"type":"cond-expr","locations":[{"start":{"line":8,"column":10},"end":{"line":8,"column":30}},{"start":{"line":9,"column":10},"end":{"line":9,"column":30}}],"line":7},"1":{"loc":{"start":{"line":7,"column":4},"end":{"line":7,"column":70}},"type":"binary-expr","locations":[{"start":{"line":7,"column":4},"end":{"line":7,"column":33}},{"start":{"line":7,"column":37},"end":{"line":7,"column":70}}],"line":7}},"s":{"0":2,"1":2,"2":2,"3":2,"4":5,"5":2},"f":{"0":5},"b":{"0":[3,2],"1":[5,3]},"_coverageSchema":"1a1c01bbd47fc00a2c39e90264f33305004495a9","hash":"83c6a12897ca6ba421fb3c15cd1f76dc1fea6033"}
,"/home/gcadoret/Documents/Perso/testTechnique/challenge-backend-connectors/src/components/transactions/routes.js": {"path":"/home/gcadoret/Documents/Perso/testTechnique/challenge-backend-connectors/src/components/transactions/routes.js","statementMap":{"0":{"start":{"line":1,"column":19},"end":{"line":1,"column":37}},"1":{"start":{"line":3,"column":25},"end":{"line":3,"column":49}},"2":{"start":{"line":5,"column":15},"end":{"line":5,"column":23}},"3":{"start":{"line":7,"column":0},"end":{"line":7,"column":30}},"4":{"start":{"line":9,"column":0},"end":{"line":9,"column":24}}},"fnMap":{},"branchMap":{},"s":{"0":2,"1":2,"2":2,"3":2,"4":2},"f":{},"b":{},"_coverageSchema":"1a1c01bbd47fc00a2c39e90264f33305004495a9","hash":"c0ec67ca7c8e15f75b11bf7329f7765f8c2e0bd7"}
,"/home/gcadoret/Documents/Perso/testTechnique/challenge-backend-connectors/src/components/transactions/controllers/index.js": {"path":"/home/gcadoret/Documents/Perso/testTechnique/challenge-backend-connectors/src/components/transactions/controllers/index.js","statementMap":{"0":{"start":{"line":1,"column":21},"end":{"line":1,"column":46}},"1":{"start":{"line":3,"column":0},"end":{"line":5,"column":2}}},"fnMap":{},"branchMap":{},"s":{"0":2,"1":2},"f":{},"b":{},"_coverageSchema":"1a1c01bbd47fc00a2c39e90264f33305004495a9","hash":"582013fab9c1d9264e4947402fdd476a9a0f5f64"}
,"/home/gcadoret/Documents/Perso/testTechnique/challenge-backend-connectors/src/components/transactions/controllers/transactions.js": {"path":"/home/gcadoret/Documents/Perso/testTechnique/challenge-backend-connectors/src/components/transactions/controllers/transactions.js","statementMap":{"0":{"start":{"line":1,"column":28},"end":{"line":1,"column":50}},"1":{"start":{"line":2,"column":43},"end":{"line":2,"column":81}},"2":{"start":{"line":3,"column":37},"end":{"line":3,"column":61}},"3":{"start":{"line":5,"column":0},"end":{"line":22,"column":2}},"4":{"start":{"line":6,"column":4},"end":{"line":21,"column":5}},"5":{"start":{"line":7,"column":33},"end":{"line":7,"column":67}},"6":{"start":{"line":9,"column":6},"end":{"line":11,"column":7}},"7":{"start":{"line":10,"column":8},"end":{"line":10,"column":91}},"8":{"start":{"line":13,"column":25},"end":{"line":13,"column":33}},"9":{"start":{"line":15,"column":6},"end":{"line":15,"column":86}},"10":{"start":{"line":18,"column":6},"end":{"line":18,"column":31}},"11":{"start":{"line":20,"column":6},"end":{"line":20,"column":89}}},"fnMap":{"0":{"name":"(anonymous_0)","decl":{"start":{"line":5,"column":17},"end":{"line":5,"column":18}},"loc":{"start":{"line":5,"column":37},"end":{"line":22,"column":1}},"line":5}},"branchMap":{"0":{"loc":{"start":{"line":9,"column":6},"end":{"line":11,"column":7}},"type":"if","locations":[{"start":{"line":9,"column":6},"end":{"line":11,"column":7}},{"start":{},"end":{}}],"line":9}},"s":{"0":2,"1":2,"2":2,"3":2,"4":0,"5":0,"6":0,"7":0,"8":0,"9":0,"10":0,"11":0},"f":{"0":0},"b":{"0":[0,0]},"_coverageSchema":"1a1c01bbd47fc00a2c39e90264f33305004495a9","hash":"13c9fb6bafb852d84a8f3a748a491d156620a884"}
,"/home/gcadoret/Documents/Perso/testTechnique/challenge-backend-connectors/src/components/transactions/helpers/transformer.js": {"path":"/home/gcadoret/Documents/Perso/testTechnique/challenge-backend-connectors/src/components/transactions/helpers/transformer.js","statementMap":{"0":{"start":{"line":1,"column":28},"end":{"line":1,"column":96}},"1":{"start":{"line":1,"column":47},"end":{"line":1,"column":96}},"2":{"start":{"line":1,"column":64},"end":{"line":1,"column":96}},"3":{"start":{"line":3,"column":35},"end":{"line":4,"column":69}},"4":{"start":{"line":4,"column":4},"end":{"line":4,"column":69}},"5":{"start":{"line":6,"column":36},"end":{"line":19,"column":10}},"6":{"start":{"line":7,"column":4},"end":{"line":19,"column":10}},"7":{"start":{"line":8,"column":8},"end":{"line":8,"column":74}},"8":{"start":{"line":10,"column":8},"end":{"line":17,"column":14}},"9":{"start":{"line":21,"column":14},"end":{"line":21,"column":19}},"10":{"start":{"line":22,"column":15},"end":{"line":22,"column":20}},"11":{"start":{"line":29,"column":58},"end":{"line":47,"column":10}},"12":{"start":{"line":30,"column":4},"end":{"line":47,"column":10}},"13":{"start":{"line":32,"column":38},"end":{"line":32,"column":62}},"14":{"start":{"line":34,"column":8},"end":{"line":46,"column":13}},"15":{"start":{"line":49,"column":22},"end":{"line":57,"column":10}},"16":{"start":{"line":49,"column":57},"end":{"line":57,"column":10}},"17":{"start":{"line":51,"column":41},"end":{"line":51,"column":82}},"18":{"start":{"line":53,"column":8},"end":{"line":56,"column":10}},"19":{"start":{"line":59,"column":22},"end":{"line":69,"column":1}},"20":{"start":{"line":60,"column":29},"end":{"line":60,"column":40}},"21":{"start":{"line":62,"column":4},"end":{"line":64,"column":5}},"22":{"start":{"line":63,"column":8},"end":{"line":63,"column":36}},"23":{"start":{"line":66,"column":4},"end":{"line":68,"column":5}},"24":{"start":{"line":67,"column":8},"end":{"line":67,"column":36}},"25":{"start":{"line":71,"column":19},"end":{"line":77,"column":1}},"26":{"start":{"line":72,"column":37},"end":{"line":72,"column":78}},"27":{"start":{"line":74,"column":4},"end":{"line":76,"column":20}},"28":{"start":{"line":79,"column":21},"end":{"line":87,"column":1}},"29":{"start":{"line":80,"column":4},"end":{"line":82,"column":5}},"30":{"start":{"line":81,"column":8},"end":{"line":81,"column":36}},"31":{"start":{"line":84,"column":4},"end":{"line":86,"column":5}},"32":{"start":{"line":85,"column":8},"end":{"line":85,"column":35}},"33":{"start":{"line":89,"column":32},"end":{"line":93,"column":2}},"34":{"start":{"line":89,"column":72},"end":{"line":93,"column":1}},"35":{"start":{"line":95,"column":33},"end":{"line":98,"column":1}},"36":{"start":{"line":95,"column":60},"end":{"line":98,"column":1}},"37":{"start":{"line":106,"column":36},"end":{"line":111,"column":1}},"38":{"start":{"line":107,"column":37},"end":{"line":107,"column":78}},"39":{"start":{"line":109,"column":4},"end":{"line":110,"column":46}},"40":{"start":{"line":118,"column":24},"end":{"line":122,"column":2}},"41":{"start":{"line":118,"column":56},"end":{"line":122,"column":2}},"42":{"start":{"line":124,"column":20},"end":{"line":131,"column":14}},"43":{"start":{"line":125,"column":4},"end":{"line":131,"column":14}},"44":{"start":{"line":127,"column":12},"end":{"line":130,"column":13}},"45":{"start":{"line":133,"column":0},"end":{"line":133,"column":29}}},"fnMap":{"0":{"name":"(anonymous_0)","decl":{"start":{"line":1,"column":28},"end":{"line":1,"column":29}},"loc":{"start":{"line":1,"column":47},"end":{"line":1,"column":96}},"line":1},"1":{"name":"(anonymous_1)","decl":{"start":{"line":1,"column":47},"end":{"line":1,"column":48}},"loc":{"start":{"line":1,"column":64},"end":{"line":1,"column":96}},"line":1},"2":{"name":"(anonymous_2)","decl":{"start":{"line":3,"column":35},"end":{"line":3,"column":36}},"loc":{"start":{"line":4,"column":4},"end":{"line":4,"column":69}},"line":4},"3":{"name":"(anonymous_3)","decl":{"start":{"line":6,"column":36},"end":{"line":6,"column":37}},"loc":{"start":{"line":7,"column":4},"end":{"line":19,"column":10}},"line":7},"4":{"name":"(anonymous_4)","decl":{"start":{"line":7,"column":24},"end":{"line":7,"column":25}},"loc":{"start":{"line":7,"column":67},"end":{"line":19,"column":5}},"line":7},"5":{"name":"(anonymous_5)","decl":{"start":{"line":29,"column":58},"end":{"line":29,"column":59}},"loc":{"start":{"line":30,"column":4},"end":{"line":47,"column":10}},"line":30},"6":{"name":"(anonymous_6)","decl":{"start":{"line":30,"column":36},"end":{"line":30,"column":37}},"loc":{"start":{"line":30,"column":83},"end":{"line":47,"column":5}},"line":30},"7":{"name":"(anonymous_7)","decl":{"start":{"line":49,"column":22},"end":{"line":49,"column":23}},"loc":{"start":{"line":49,"column":57},"end":{"line":57,"column":10}},"line":49},"8":{"name":"(anonymous_8)","decl":{"start":{"line":50,"column":12},"end":{"line":50,"column":13}},"loc":{"start":{"line":50,"column":42},"end":{"line":57,"column":5}},"line":50},"9":{"name":"(anonymous_9)","decl":{"start":{"line":59,"column":22},"end":{"line":59,"column":23}},"loc":{"start":{"line":59,"column":49},"end":{"line":69,"column":1}},"line":59},"10":{"name":"(anonymous_10)","decl":{"start":{"line":71,"column":19},"end":{"line":71,"column":20}},"loc":{"start":{"line":71,"column":51},"end":{"line":77,"column":1}},"line":71},"11":{"name":"(anonymous_11)","decl":{"start":{"line":79,"column":21},"end":{"line":79,"column":22}},"loc":{"start":{"line":79,"column":39},"end":{"line":87,"column":1}},"line":79},"12":{"name":"(anonymous_12)","decl":{"start":{"line":89,"column":32},"end":{"line":89,"column":33}},"loc":{"start":{"line":89,"column":72},"end":{"line":93,"column":1}},"line":89},"13":{"name":"(anonymous_13)","decl":{"start":{"line":95,"column":33},"end":{"line":95,"column":34}},"loc":{"start":{"line":95,"column":60},"end":{"line":98,"column":1}},"line":95},"14":{"name":"(anonymous_14)","decl":{"start":{"line":106,"column":36},"end":{"line":106,"column":37}},"loc":{"start":{"line":106,"column":68},"end":{"line":111,"column":1}},"line":106},"15":{"name":"(anonymous_15)","decl":{"start":{"line":118,"column":24},"end":{"line":118,"column":25}},"loc":{"start":{"line":118,"column":56},"end":{"line":122,"column":2}},"line":118},"16":{"name":"(anonymous_16)","decl":{"start":{"line":124,"column":20},"end":{"line":124,"column":21}},"loc":{"start":{"line":125,"column":4},"end":{"line":131,"column":14}},"line":125},"17":{"name":"(anonymous_17)","decl":{"start":{"line":126,"column":16},"end":{"line":126,"column":17}},"loc":{"start":{"line":126,"column":58},"end":{"line":131,"column":9}},"line":126}},"branchMap":{"0":{"loc":{"start":{"line":10,"column":15},"end":{"line":17,"column":13}},"type":"cond-expr","locations":[{"start":{"line":11,"column":14},"end":{"line":14,"column":13}},{"start":{"line":15,"column":14},"end":{"line":17,"column":13}}],"line":10},"1":{"loc":{"start":{"line":34,"column":15},"end":{"line":46,"column":13}},"type":"cond-expr","locations":[{"start":{"line":35,"column":14},"end":{"line":43,"column":13}},{"start":{"line":44,"column":14},"end":{"line":46,"column":13}}],"line":34},"2":{"loc":{"start":{"line":62,"column":4},"end":{"line":64,"column":5}},"type":"if","locations":[{"start":{"line":62,"column":4},"end":{"line":64,"column":5}},{"start":{},"end":{}}],"line":62},"3":{"loc":{"start":{"line":66,"column":4},"end":{"line":68,"column":5}},"type":"if","locations":[{"start":{"line":66,"column":4},"end":{"line":68,"column":5}},{"start":{},"end":{}}],"line":66},"4":{"loc":{"start":{"line":80,"column":4},"end":{"line":82,"column":5}},"type":"if","locations":[{"start":{"line":80,"column":4},"end":{"line":82,"column":5}},{"start":{},"end":{}}],"line":80},"5":{"loc":{"start":{"line":84,"column":4},"end":{"line":86,"column":5}},"type":"if","locations":[{"start":{"line":84,"column":4},"end":{"line":86,"column":5}},{"start":{},"end":{}}],"line":84}},"s":{"0":1,"1":12,"2":14,"3":1,"4":12,"5":1,"6":4,"7":12,"8":12,"9":1,"10":1,"11":1,"12":4,"13":10,"14":10,"15":1,"16":2,"17":4,"18":4,"19":1,"20":4,"21":4,"22":2,"23":2,"24":2,"25":1,"26":1,"27":1,"28":1,"29":4,"30":2,"31":2,"32":2,"33":1,"34":4,"35":1,"36":4,"37":1,"38":1,"39":1,"40":1,"41":1,"42":1,"43":1,"44":1,"45":1},"f":{"0":12,"1":14,"2":12,"3":4,"4":12,"5":4,"6":10,"7":2,"8":4,"9":4,"10":1,"11":4,"12":4,"13":4,"14":1,"15":1,"16":1,"17":1},"b":{"0":[10,2],"1":[10,0],"2":[2,2],"3":[2,0],"4":[2,2],"5":[2,0]},"_coverageSchema":"1a1c01bbd47fc00a2c39e90264f33305004495a9","hash":"9dfb2bc7773f15bf9413f3345b12ce2402987ed9"}
,"/home/gcadoret/Documents/Perso/testTechnique/challenge-backend-connectors/src/components/transactions/services/getTransactions.js": {"path":"/home/gcadoret/Documents/Perso/testTechnique/challenge-backend-connectors/src/components/transactions/services/getTransactions.js","statementMap":{"0":{"start":{"line":1,"column":25},"end":{"line":1,"column":71}},"1":{"start":{"line":3,"column":0},"end":{"line":3,"column":42}},"2":{"start":{"line":3,"column":29},"end":{"line":3,"column":41}}},"fnMap":{"0":{"name":"(anonymous_0)","decl":{"start":{"line":3,"column":17},"end":{"line":3,"column":18}},"loc":{"start":{"line":3,"column":29},"end":{"line":3,"column":41}},"line":3}},"branchMap":{},"s":{"0":2,"1":2,"2":0},"f":{"0":0},"b":{},"_coverageSchema":"1a1c01bbd47fc00a2c39e90264f33305004495a9","hash":"05557c2ee12e261e0b6147114baacc8ec4151236"}
,"/home/gcadoret/Documents/Perso/testTechnique/challenge-backend-connectors/src/components/transactions/services/index.js": {"path":"/home/gcadoret/Documents/Perso/testTechnique/challenge-backend-connectors/src/components/transactions/services/index.js","statementMap":{"0":{"start":{"line":1,"column":24},"end":{"line":1,"column":52}},"1":{"start":{"line":3,"column":0},"end":{"line":5,"column":2}}},"fnMap":{},"branchMap":{},"s":{"0":2,"1":2},"f":{},"b":{},"_coverageSchema":"1a1c01bbd47fc00a2c39e90264f33305004495a9","hash":"51a1e83f2d07d2e2b37b6e7956cbbef24ff5ac18"}
,"/home/gcadoret/Documents/Perso/testTechnique/challenge-backend-connectors/src/components/transactions/validators/index.js": {"path":"/home/gcadoret/Documents/Perso/testTechnique/challenge-backend-connectors/src/components/transactions/validators/index.js","statementMap":{"0":{"start":{"line":1,"column":33},"end":{"line":1,"column":70}},"1":{"start":{"line":3,"column":0},"end":{"line":5,"column":2}}},"fnMap":{},"branchMap":{},"s":{"0":2,"1":2},"f":{},"b":{},"_coverageSchema":"1a1c01bbd47fc00a2c39e90264f33305004495a9","hash":"0479340f9ec41c2ad46ec55546904e713c02a990"}
,"/home/gcadoret/Documents/Perso/testTechnique/challenge-backend-connectors/src/components/transactions/validators/validateTransactionsBody.js": {"path":"/home/gcadoret/Documents/Perso/testTechnique/challenge-backend-connectors/src/components/transactions/validators/validateTransactionsBody.js","statementMap":{"0":{"start":{"line":1,"column":27},"end":{"line":1,"column":65}},"1":{"start":{"line":3,"column":29},"end":{"line":3,"column":33}},"2":{"start":{"line":4,"column":29},"end":{"line":4,"column":34}},"3":{"start":{"line":6,"column":33},"end":{"line":9,"column":30}},"4":{"start":{"line":7,"column":4},"end":{"line":9,"column":30}},"5":{"start":{"line":11,"column":0},"end":{"line":11,"column":42}}},"fnMap":{"0":{"name":"(anonymous_0)","decl":{"start":{"line":6,"column":33},"end":{"line":6,"column":34}},"loc":{"start":{"line":7,"column":4},"end":{"line":9,"column":30}},"line":7}},"branchMap":{"0":{"loc":{"start":{"line":7,"column":4},"end":{"line":9,"column":30}},"type":"cond-expr","locations":[{"start":{"line":8,"column":10},"end":{"line":8,"column":30}},{"start":{"line":9,"column":10},"end":{"line":9,"column":30}}],"line":7}},"s":{"0":2,"1":2,"2":2,"3":2,"4":0,"5":2},"f":{"0":0},"b":{"0":[0,0]},"_coverageSchema":"1a1c01bbd47fc00a2c39e90264f33305004495a9","hash":"a3118875dc30f6569062e19ab9208de4ca51bbe0"}
}
