TN:
SF:modules/helpers/index.js
FN:1,(anonymous_0)
FN:7,(anonymous_1)
FN:13,(anonymous_2)
FN:15,(anonymous_3)
FNF:4
FNH:4
FNDA:7,(anonymous_0)
FNDA:1,(anonymous_1)
FNDA:2,(anonymous_2)
FNDA:8,(anonymous_3)
DA:1,7
DA:7,4
DA:13,4
DA:15,8
DA:17,4
LF:5
LH:5
BRF:0
BRH:0
end_of_record
TN:
SF:src/index.js
FN:13,(anonymous_0)
FNF:1
FNH:1
FNDA:3,(anonymous_0)
DA:1,2
DA:3,0
DA:6,2
DA:7,2
DA:8,2
DA:9,2
DA:11,2
DA:13,2
DA:14,3
DA:16,3
DA:17,3
DA:18,3
DA:19,3
DA:20,3
DA:22,3
DA:23,3
LF:16
LH:15
BRDA:1,0,0,0
BRDA:1,0,1,2
BRF:2
BRH:1
end_of_record
TN:
SF:src/routes.js
FN:8,(anonymous_0)
FN:11,(anonymous_1)
FN:25,(anonymous_2)
FNF:3
FNH:3
FNDA:3,(anonymous_0)
FNDA:1,(anonymous_1)
FNDA:1,(anonymous_2)
DA:1,2
DA:3,2
DA:4,2
DA:5,2
DA:6,2
DA:8,2
DA:9,3
DA:11,3
DA:12,1
DA:19,3
DA:20,3
DA:21,3
DA:23,3
DA:25,3
DA:26,1
LF:15
LH:15
BRF:0
BRH:0
end_of_record
TN:
SF:src/components/accounts/routes.js
FNF:0
FNH:0
DA:1,2
DA:3,2
DA:5,2
DA:7,2
DA:9,2
LF:5
LH:5
BRF:0
BRH:0
end_of_record
TN:
SF:src/components/accounts/controllers/accounts.js
FN:5,(anonymous_0)
FNF:1
FNH:0
FNDA:0,(anonymous_0)
DA:1,2
DA:2,2
DA:3,2
DA:5,2
DA:6,0
DA:7,0
DA:9,0
DA:10,0
DA:13,0
DA:15,0
DA:18,0
DA:20,0
LF:12
LH:4
BRDA:9,0,0,0
BRDA:9,0,1,0
BRF:2
BRH:0
end_of_record
TN:
SF:src/components/accounts/controllers/index.js
FNF:0
FNH:0
DA:1,2
DA:3,2
LF:2
LH:2
BRF:0
BRH:0
end_of_record
TN:
SF:src/components/accounts/services/getAccounts.js
FN:3,(anonymous_0)
FNF:1
FNH:0
FNDA:0,(anonymous_0)
DA:1,2
DA:3,2
DA:4,0
DA:6,0
LF:4
LH:2
BRF:0
BRH:0
end_of_record
TN:
SF:src/components/accounts/services/index.js
FNF:0
FNH:0
DA:1,2
DA:3,2
LF:2
LH:2
BRF:0
BRH:0
end_of_record
TN:
SF:src/components/accounts/validators/index.js
FNF:0
FNH:0
DA:1,2
DA:3,2
LF:2
LH:2
BRF:0
BRH:0
end_of_record
TN:
SF:src/components/accounts/validators/validateAccountsBody.js
FN:6,(anonymous_0)
FNF:1
FNH:0
FNDA:0,(anonymous_0)
DA:1,2
DA:3,2
DA:4,2
DA:6,2
DA:7,0
DA:11,2
LF:6
LH:5
BRDA:7,0,0,0
BRDA:7,0,1,0
BRF:2
BRH:0
end_of_record
TN:
SF:src/components/login/routes.js
FNF:0
FNH:0
DA:1,2
DA:3,2
DA:5,2
DA:7,2
DA:9,2
LF:5
LH:5
BRF:0
BRH:0
end_of_record
TN:
SF:src/components/login/controllers/index.js
FNF:0
FNH:0
DA:1,2
DA:3,2
LF:2
LH:2
BRF:0
BRH:0
end_of_record
TN:
SF:src/components/login/controllers/login.js
FN:5,(anonymous_0)
FNF:1
FNH:1
FNDA:5,(anonymous_0)
DA:1,2
DA:2,2
DA:3,2
DA:5,2
DA:6,5
DA:7,5
DA:9,5
DA:10,3
DA:13,2
DA:15,2
DA:17,2
DA:20,2
DA:23,0
DA:26,0
DA:28,0
LF:15
LH:12
BRDA:9,0,0,3
BRDA:9,0,1,2
BRDA:17,1,0,2
BRDA:17,1,1,0
BRF:4
BRH:3
end_of_record
TN:
SF:src/components/login/services/index.js
FNF:0
FNH:0
DA:1,3
DA:3,3
LF:2
LH:2
BRF:0
BRH:0
end_of_record
TN:
SF:src/components/login/services/login.js
FN:3,(anonymous_0)
FN:5,(anonymous_1)
FNF:2
FNH:2
FNDA:2,(anonymous_0)
FNDA:2,(anonymous_1)
DA:1,3
DA:3,3
DA:5,3
DA:6,2
LF:4
LH:4
BRDA:3,0,0,2
BRDA:3,0,1,1
BRDA:6,1,0,1
BRDA:6,1,1,1
BRF:4
BRH:4
end_of_record
TN:
SF:src/components/login/validators/index.js
FNF:0
FNH:0
DA:1,2
DA:3,2
LF:2
LH:2
BRF:0
BRH:0
end_of_record
TN:
SF:src/components/login/validators/validateLoginBody.js
FN:6,(anonymous_0)
FNF:1
FNH:1
FNDA:5,(anonymous_0)
DA:1,2
DA:3,2
DA:4,2
DA:6,2
DA:7,5
DA:11,2
LF:6
LH:6
BRDA:7,0,0,3
BRDA:7,0,1,2
BRDA:7,1,0,5
BRDA:7,1,1,3
BRF:4
BRH:4
end_of_record
TN:
SF:src/components/transactions/routes.js
FNF:0
FNH:0
DA:1,2
DA:3,2
DA:5,2
DA:7,2
DA:9,2
LF:5
LH:5
BRF:0
BRH:0
end_of_record
TN:
SF:src/components/transactions/controllers/index.js
FNF:0
FNH:0
DA:1,2
DA:3,2
LF:2
LH:2
BRF:0
BRH:0
end_of_record
TN:
SF:src/components/transactions/controllers/transactions.js
FN:5,(anonymous_0)
FNF:1
FNH:0
FNDA:0,(anonymous_0)
DA:1,2
DA:2,2
DA:3,2
DA:5,2
DA:6,0
DA:7,0
DA:9,0
DA:10,0
DA:13,0
DA:15,0
DA:18,0
DA:20,0
LF:12
LH:4
BRDA:9,0,0,0
BRDA:9,0,1,0
BRF:2
BRH:0
end_of_record
TN:
SF:src/components/transactions/helpers/transformer.js
FN:1,(anonymous_0)
FN:1,(anonymous_1)
FN:3,(anonymous_2)
FN:6,(anonymous_3)
FN:7,(anonymous_4)
FN:29,(anonymous_5)
FN:30,(anonymous_6)
FN:49,(anonymous_7)
FN:50,(anonymous_8)
FN:59,(anonymous_9)
FN:71,(anonymous_10)
FN:79,(anonymous_11)
FN:89,(anonymous_12)
FN:95,(anonymous_13)
FN:106,(anonymous_14)
FN:118,(anonymous_15)
FN:124,(anonymous_16)
FN:126,(anonymous_17)
FNF:18
FNH:18
FNDA:12,(anonymous_0)
FNDA:14,(anonymous_1)
FNDA:12,(anonymous_2)
FNDA:4,(anonymous_3)
FNDA:12,(anonymous_4)
FNDA:4,(anonymous_5)
FNDA:10,(anonymous_6)
FNDA:2,(anonymous_7)
FNDA:4,(anonymous_8)
FNDA:4,(anonymous_9)
FNDA:1,(anonymous_10)
FNDA:4,(anonymous_11)
FNDA:4,(anonymous_12)
FNDA:4,(anonymous_13)
FNDA:1,(anonymous_14)
FNDA:1,(anonymous_15)
FNDA:1,(anonymous_16)
FNDA:1,(anonymous_17)
DA:1,14
DA:3,1
DA:4,12
DA:6,1
DA:7,4
DA:8,12
DA:10,12
DA:21,1
DA:22,1
DA:29,1
DA:30,4
DA:32,10
DA:34,10
DA:49,2
DA:51,4
DA:53,4
DA:59,1
DA:60,4
DA:62,4
DA:63,2
DA:66,2
DA:67,2
DA:71,1
DA:72,1
DA:74,1
DA:79,1
DA:80,4
DA:81,2
DA:84,2
DA:85,2
DA:89,4
DA:95,4
DA:106,1
DA:107,1
DA:109,1
DA:118,1
DA:124,1
DA:125,1
DA:127,1
DA:133,1
LF:40
LH:40
BRDA:10,0,0,10
BRDA:10,0,1,2
BRDA:34,1,0,10
BRDA:34,1,1,0
BRDA:62,2,0,2
BRDA:62,2,1,2
BRDA:66,3,0,2
BRDA:66,3,1,0
BRDA:80,4,0,2
BRDA:80,4,1,2
BRDA:84,5,0,2
BRDA:84,5,1,0
BRF:12
BRH:9
end_of_record
TN:
SF:src/components/transactions/services/getTransactions.js
FN:3,(anonymous_0)
FNF:1
FNH:0
FNDA:0,(anonymous_0)
DA:1,2
DA:3,2
LF:2
LH:2
BRF:0
BRH:0
end_of_record
TN:
SF:src/components/transactions/services/index.js
FNF:0
FNH:0
DA:1,2
DA:3,2
LF:2
LH:2
BRF:0
BRH:0
end_of_record
TN:
SF:src/components/transactions/validators/index.js
FNF:0
FNH:0
DA:1,2
DA:3,2
LF:2
LH:2
BRF:0
BRH:0
end_of_record
TN:
SF:src/components/transactions/validators/validateTransactionsBody.js
FN:6,(anonymous_0)
FNF:1
FNH:0
FNDA:0,(anonymous_0)
DA:1,2
DA:3,2
DA:4,2
DA:6,2
DA:7,0
DA:11,2
LF:6
LH:5
BRDA:7,0,0,0
BRDA:7,0,1,0
BRF:2
BRH:0
end_of_record
